<?xml version="1.0" encoding="UTF-8"?>
<!-- Generated by org.testng.reporters.JUnitXMLReporter -->
<testsuite ignored="0" hostname="Abisheks-Air.domain.name" failures="0" tests="3" name="Test1" time="1.16" errors="0" timestamp="2023-05-19T20:36:31 IST">
  <testcase classname="auto_basecode.Basecode" name="@BeforeMethod startbrow" time="-1.684508791437E9">
    <failure type="org.testng.TestNGException" message="
Parameter &amp;apos;browsername&amp;apos; is required by BeforeMethod on method startbrow but has not been marked @Optional or defined
in /Users/abishekb/mac-codes/Automation2_PARALLEL EECUTION/testng.xml">
      <![CDATA[org.testng.TestNGException: 
Parameter 'browsername' is required by BeforeMethod on method startbrow but has not been marked @Optional or defined
in /Users/abishekb/mac-codes/Automation2_PARALLEL EECUTION/testng.xml
at java.base/java.util.concurrent.ThreadPoolExecutor.runWorker(ThreadPoolExecutor.java:1136)
at java.base/java.util.concurrent.ThreadPoolExecutor$Worker.run(ThreadPoolExecutor.java:635)
at java.base/java.lang.Thread.run(Thread.java:833)
... Removed 13 stack frames]]>
    </failure>
  </testcase> <!-- @BeforeMethod startbrow -->
  <testcase classname="auto_basecode.Basecode" name="@BeforeMethod startbrow" time="-1.684508791439E9">
    <failure type="org.testng.TestNGException" message="
Parameter &amp;apos;browsername&amp;apos; is required by BeforeMethod on method startbrow but has not been marked @Optional or defined
in /Users/abishekb/mac-codes/Automation2_PARALLEL EECUTION/testng.xml">
      <![CDATA[org.testng.TestNGException: 
Parameter 'browsername' is required by BeforeMethod on method startbrow but has not been marked @Optional or defined
in /Users/abishekb/mac-codes/Automation2_PARALLEL EECUTION/testng.xml
at java.base/java.util.concurrent.ThreadPoolExecutor.runWorker(ThreadPoolExecutor.java:1136)
at java.base/java.util.concurrent.ThreadPoolExecutor$Worker.run(ThreadPoolExecutor.java:635)
at java.base/java.lang.Thread.run(Thread.java:833)
... Removed 13 stack frames]]>
    </failure>
  </testcase> <!-- @BeforeMethod startbrow -->
  <testcase classname="auto_basecode.Basecode" name="@BeforeMethod startbrow" time="-1.684508791439E9">
    <failure type="org.testng.TestNGException" message="
Parameter &amp;apos;browsername&amp;apos; is required by BeforeMethod on method startbrow but has not been marked @Optional or defined
in /Users/abishekb/mac-codes/Automation2_PARALLEL EECUTION/testng.xml">
      <![CDATA[org.testng.TestNGException: 
Parameter 'browsername' is required by BeforeMethod on method startbrow but has not been marked @Optional or defined
in /Users/abishekb/mac-codes/Automation2_PARALLEL EECUTION/testng.xml
at java.base/java.util.concurrent.ThreadPoolExecutor.runWorker(ThreadPoolExecutor.java:1136)
at java.base/java.util.concurrent.ThreadPoolExecutor$Worker.run(ThreadPoolExecutor.java:635)
at java.base/java.lang.Thread.run(Thread.java:833)
... Removed 13 stack frames]]>
    </failure>
  </testcase> <!-- @BeforeMethod startbrow -->
  <testcase classname="auto_basecode.Basecode" name="@AfterMethod aftermeth" time="-1.684508791474E9">
    <skipped/>
  </testcase> <!-- @AfterMethod aftermeth -->
  <testcase classname="auto_basecode.Basecode" name="@AfterMethod aftermeth" time="-1.684508791475E9">
    <skipped/>
  </testcase> <!-- @AfterMethod aftermeth -->
  <testcase classname="auto_basecode.Basecode" name="@AfterMethod aftermeth" time="-1.684508791476E9">
    <skipped/>
  </testcase> <!-- @AfterMethod aftermeth -->
  <testcase classname="auto_tc.Tc3" name="tc1" time="0.0">
    <skipped/>
  </testcase> <!-- tc1 -->
  <testcase classname="auto_tc.Tc1" name="tc1" time="0.0">
    <skipped/>
  </testcase> <!-- tc1 -->
  <testcase classname="auto_tc.Tc2" name="tc1" time="0.0">
    <skipped/>
  </testcase> <!-- tc1 -->
</testsuite> <!-- Test1 -->
